  pch.cpp
  FileUtil.cpp
  HttpResponseParser.cpp
C:\Users\raj_vardhan\Documents\github\csce612\hw1p1\hw1p1\HttpResponseParser.cpp(70,21): warning C4101: 'msg': unreferenced local variable
  main.cpp
C:\Users\raj_vardhan\Documents\github\csce612\hw1p1\hw1p1\main.cpp(69,28): warning C4101: 'ex': unreferenced local variable
  StatsManager.cpp
  TestUrlParser.cpp
  ThreadManager.cpp
  URLParser.cpp
C:\Users\raj_vardhan\Documents\github\csce612\hw1p1\hw1p1\URLParser.cpp(103,21): warning C4101: 'msg': unreferenced local variable
C:\Users\raj_vardhan\Documents\github\csce612\hw1p1\hw1p1\URLParser.cpp(191,21): warning C4101: 'msg': unreferenced local variable
  webclient.cpp
C:\Users\raj_vardhan\Documents\github\csce612\hw1p1\hw1p1\webclient.cpp(49,21): warning C4267: 'initializing': conversion from 'size_t' to 'int', possible loss of data
C:\Users\raj_vardhan\Documents\github\csce612\hw1p1\hw1p1\webclient.cpp(216,46): warning C4267: 'initializing': conversion from 'size_t' to 'int', possible loss of data
C:\Users\raj_vardhan\Documents\github\csce612\hw1p1\hw1p1\webclient.cpp(269,41): warning C4267: 'initializing': conversion from 'size_t' to 'int', possible loss of data
C:\Users\raj_vardhan\Documents\github\csce612\hw1p1\hw1p1\webclient.cpp(300,120): warning C4267: 'argument': conversion from 'size_t' to 'int', possible loss of data
C:\Users\raj_vardhan\Documents\github\csce612\hw1p1\hw1p1\webclient.cpp(488,46): warning C4267: 'initializing': conversion from 'size_t' to 'int', possible loss of data
C:\Users\raj_vardhan\Documents\github\csce612\hw1p1\hw1p1\webclient.cpp(544,32): warning C4267: 'initializing': conversion from 'size_t' to 'int', possible loss of data
C:\Users\raj_vardhan\Documents\github\csce612\hw1p1\hw1p1\webclient.cpp(584,120): warning C4267: 'argument': conversion from 'size_t' to 'int', possible loss of data
  WebSocket.cpp
  Generating Code...
HTMLParser_debug_x64.lib(HTMLParserBase.obj) : warning LNK4099: PDB 'HTMLParser.pdb' was not found with 'HTMLParser_debug_x64.lib(HTMLParserBase.obj)' or at 'C:\Users\raj_vardhan\Documents\github\csce612\hw1p1\x64\Debug\HTMLParser.pdb'; linking object as if no debug info
HTMLParser_debug_x64.lib(IRLBuffer.obj) : warning LNK4099: PDB 'HTMLParser.pdb' was not found with 'HTMLParser_debug_x64.lib(IRLBuffer.obj)' or at 'C:\Users\raj_vardhan\Documents\github\csce612\hw1p1\x64\Debug\HTMLParser.pdb'; linking object as if no debug info
HTMLParser_debug_x64.lib(IRLparser.obj) : warning LNK4099: PDB 'HTMLParser.pdb' was not found with 'HTMLParser_debug_x64.lib(IRLparser.obj)' or at 'C:\Users\raj_vardhan\Documents\github\csce612\hw1p1\x64\Debug\HTMLParser.pdb'; linking object as if no debug info
HTMLParser_debug_x64.lib(stdafx.obj) : warning LNK4099: PDB 'HTMLParser.pdb' was not found with 'HTMLParser_debug_x64.lib(stdafx.obj)' or at 'C:\Users\raj_vardhan\Documents\github\csce612\hw1p1\x64\Debug\HTMLParser.pdb'; linking object as if no debug info
HTMLParser_debug_x64.lib(URL.obj) : warning LNK4099: PDB 'HTMLParser.pdb' was not found with 'HTMLParser_debug_x64.lib(URL.obj)' or at 'C:\Users\raj_vardhan\Documents\github\csce612\hw1p1\x64\Debug\HTMLParser.pdb'; linking object as if no debug info
  hw1p1.vcxproj -> C:\Users\raj_vardhan\Documents\github\csce612\hw1p1\x64\Debug\hw1p1.exe
