c:\users\raj\documents\github\csce612\hw1p1\hw1p1\x64\debug\hw1p1.pch
c:\users\raj\documents\github\csce612\hw1p1\hw1p1\x64\debug\vc142.pdb
c:\users\raj\documents\github\csce612\hw1p1\hw1p1\x64\debug\vc142.idb
c:\users\raj\documents\github\csce612\hw1p1\hw1p1\x64\debug\pch.obj
c:\users\raj\documents\github\csce612\hw1p1\hw1p1\x64\debug\webclient.obj
c:\users\raj\documents\github\csce612\hw1p1\hw1p1\x64\debug\hw1p1.obj
c:\users\raj\documents\github\csce612\hw1p1\hw1p1\x64\debug\websocket.obj
c:\users\raj\documents\github\csce612\hw1p1\hw1p1\x64\debug\urlparser.obj
c:\users\raj\documents\github\csce612\hw1p1\hw1p1\x64\debug\testurlparser.obj
c:\users\raj\documents\github\csce612\hw1p1\hw1p1\x64\debug\httpresponseparser.obj
c:\users\raj\documents\github\csce612\hw1p1\hw1p1\x64\debug\fileutil.obj
c:\users\raj\documents\github\csce612\hw1p1\x64\debug\hw1p1.exe
c:\users\raj\documents\github\csce612\hw1p1\x64\debug\hw1p1.ilk
c:\users\raj\documents\github\csce612\hw1p1\x64\debug\hw1p1.pdb
c:\users\raj\documents\github\csce612\hw1p1\hw1p1\x64\debug\hw1p1.tlog\cl.command.1.tlog
c:\users\raj\documents\github\csce612\hw1p1\hw1p1\x64\debug\hw1p1.tlog\cl.read.1.tlog
c:\users\raj\documents\github\csce612\hw1p1\hw1p1\x64\debug\hw1p1.tlog\cl.write.1.tlog
c:\users\raj\documents\github\csce612\hw1p1\hw1p1\x64\debug\hw1p1.tlog\link.command.1.tlog
c:\users\raj\documents\github\csce612\hw1p1\hw1p1\x64\debug\hw1p1.tlog\link.read.1.tlog
c:\users\raj\documents\github\csce612\hw1p1\hw1p1\x64\debug\hw1p1.tlog\link.write.1.tlog
